<?xml version="1.0" encoding="UTF-8"?>
<!-- Generated by org.testng.reporters.JUnitXMLReporter -->
<testsuite ignored="0" hostname="QAClay" failures="0" tests="8" name="Chrome Clay Test" time="0.119" errors="0" timestamp="2024-02-13T09:40:03 EST">
  <testcase classname="com.crm.clay.testcases.LoginTest" name="@BeforeMethod setUp" time="-1.707835202975E9">
    <failure type="org.testng.TestNGException" message="
Can inject only one of &amp;lt;ITestContext, XmlTest, Method, Object[], ITestResult&amp;gt; into a @BeforeMethod annotated setUp.
For more information on native dependency injection please refer to https://testng.org/doc/documentation-main.html#native-dependency-injection">
      <![CDATA[org.testng.TestNGException: 
Can inject only one of <ITestContext, XmlTest, Method, Object[], ITestResult> into a @BeforeMethod annotated setUp.
For more information on native dependency injection please refer to https://testng.org/doc/documentation-main.html#native-dependency-injection
at java.base/java.util.ArrayList.forEach(ArrayList.java:1511)
... Removed 28 stack frames]]>
    </failure>
  </testcase> <!-- @BeforeMethod setUp -->
  <testcase classname="com.crm.clay.testcases.LoginTest" name="@AfterMethod tearDown" time="0.0">
    <skipped/>
  </testcase> <!-- @AfterMethod tearDown -->
  <testcase classname="com.crm.clay.testcases.LoginTest" name="@BeforeMethod setUp" time="0.0">
    <skipped/>
  </testcase> <!-- @BeforeMethod setUp -->
  <testcase classname="com.crm.clay.testcases.LoginTest" name="@AfterMethod tearDown" time="0.0">
    <skipped/>
  </testcase> <!-- @AfterMethod tearDown -->
  <testcase classname="com.crm.clay.testcases.LoginTest" name="@BeforeMethod setUp" time="0.0">
    <skipped/>
  </testcase> <!-- @BeforeMethod setUp -->
  <testcase classname="com.crm.clay.testcases.LoginTest" name="@AfterMethod tearDown" time="0.0">
    <skipped/>
  </testcase> <!-- @AfterMethod tearDown -->
  <testcase classname="com.crm.clay.testcases.LoginTest" name="@BeforeMethod setUp" time="0.0">
    <skipped/>
  </testcase> <!-- @BeforeMethod setUp -->
  <testcase classname="com.crm.clay.testcases.LoginTest" name="@AfterMethod tearDown" time="0.0">
    <skipped/>
  </testcase> <!-- @AfterMethod tearDown -->
  <testcase classname="com.crm.clay.testcases.LoginTest" name="@BeforeMethod setUp" time="0.0">
    <skipped/>
  </testcase> <!-- @BeforeMethod setUp -->
  <testcase classname="com.crm.clay.testcases.LoginTest" name="@AfterMethod tearDown" time="0.0">
    <skipped/>
  </testcase> <!-- @AfterMethod tearDown -->
  <testcase classname="com.crm.clay.testcases.HomePageTest" name="@BeforeMethod setUp" time="0.003">
    <failure type="java.lang.NullPointerException" message="Cannot invoke &amp;quot;String.equals(Object)&amp;quot; because &amp;quot;com.crm.clay.base.TestBase.browserName&amp;quot; is null">
      <![CDATA[java.lang.NullPointerException: Cannot invoke "String.equals(Object)" because "com.crm.clay.base.TestBase.browserName" is null
at com.crm.clay.base.TestBase.initialization(TestBase.java:41)
at com.crm.clay.testcases.HomePageTest.setUp(HomePageTest.java:21)
at java.base/java.util.ArrayList.forEach(ArrayList.java:1511)
... Removed 31 stack frames]]>
    </failure>
  </testcase> <!-- @BeforeMethod setUp -->
  <testcase classname="com.crm.clay.testcases.HomePageTest" name="@AfterMethod tearDown" time="0.0">
    <skipped/>
  </testcase> <!-- @AfterMethod tearDown -->
  <testcase classname="com.crm.clay.testcases.HomePageTest" name="@BeforeMethod setUp" time="0.0">
    <skipped/>
  </testcase> <!-- @BeforeMethod setUp -->
  <testcase classname="com.crm.clay.testcases.HomePageTest" name="@AfterMethod tearDown" time="0.0">
    <skipped/>
  </testcase> <!-- @AfterMethod tearDown -->
  <testcase classname="com.crm.clay.testcases.HomePageTest" name="@BeforeMethod setUp" time="0.0">
    <skipped/>
  </testcase> <!-- @BeforeMethod setUp -->
  <testcase classname="com.crm.clay.testcases.HomePageTest" name="@AfterMethod tearDown" time="0.0">
    <skipped/>
  </testcase> <!-- @AfterMethod tearDown -->
  <testcase classname="com.crm.clay.testcases.LoginTest" name="LoginPageTitleTest" time="0.0">
    <skipped/>
  </testcase> <!-- LoginPageTitleTest -->
  <testcase classname="com.crm.clay.testcases.LoginTest" name="LoginPageLogoTest" time="0.001">
    <skipped/>
  </testcase> <!-- LoginPageLogoTest -->
  <testcase classname="com.crm.clay.testcases.LoginTest" name="LoginPageTest" time="0.001">
    <skipped/>
  </testcase> <!-- LoginPageTest -->
  <testcase classname="com.crm.clay.testcases.LoginTest" name="UnsuccessfulLoginErrorMsg" time="0.0">
    <skipped/>
  </testcase> <!-- UnsuccessfulLoginErrorMsg -->
  <testcase classname="com.crm.clay.testcases.LoginTest" name="ResetPasswordTest" time="0.0">
    <skipped/>
  </testcase> <!-- ResetPasswordTest -->
  <testcase classname="com.crm.clay.testcases.HomePageTest" name="VerifyHomePageTest" time="0.0">
    <skipped/>
  </testcase> <!-- VerifyHomePageTest -->
  <testcase classname="com.crm.clay.testcases.HomePageTest" name="VerfyProjectDashboard" time="0.0">
    <skipped/>
  </testcase> <!-- VerfyProjectDashboard -->
  <testcase classname="com.crm.clay.testcases.HomePageTest" name="VerifyProjectPage" time="0.0">
    <skipped/>
  </testcase> <!-- VerifyProjectPage -->
</testsuite> <!-- Chrome Clay Test -->
